0 info it worked if it ends with ok
1 verbose cli [ '/Users/esauter/.nvm/versions/node/v5.0.0/bin/node',
1 verbose cli   '/Users/esauter/.nvm/versions/node/v5.0.0/bin/npm',
1 verbose cli   'run',
1 verbose cli   'test' ]
2 info using npm@3.8.0
3 info using node@v5.0.0
4 verbose run-script [ 'pretest', 'test', 'posttest' ]
5 info lifecycle react-template@0.0.1~pretest: react-template@0.0.1
6 silly lifecycle react-template@0.0.1~pretest: no script for pretest, continuing
7 info lifecycle react-template@0.0.1~test: react-template@0.0.1
8 verbose lifecycle react-template@0.0.1~test: unsafe-perm in lifecycle true
9 verbose lifecycle react-template@0.0.1~test: PATH: /Users/esauter/.nvm/versions/node/v5.0.0/lib/node_modules/npm/bin/node-gyp-bin:/Users/esauter/Code/react-template/node_modules/.bin:/Users/esauter/.nvm/versions/node/v5.0.0/bin:/Users/esauter/.nvm/versions/node/v5.0.0/bin:/usr/local/var/rbenv/shims:/usr/local/heroku/bin:/Users/esauter/.autojump/bin:/Users/esauter/.autojump/bin:/usr/bin:/bin:/usr/sbin:/sbin:/usr/local/bin:/Users/esauter/.rvm/bin
10 verbose lifecycle react-template@0.0.1~test: CWD: /Users/esauter/Code/react-template
11 silly lifecycle react-template@0.0.1~test: Args: [ '-c', 'eslint app' ]
12 silly lifecycle react-template@0.0.1~test: Returned: code: 1  signal: null
13 info lifecycle react-template@0.0.1~test: Failed to exec test script
14 verbose stack Error: react-template@0.0.1 test: `eslint app`
14 verbose stack Exit status 1
14 verbose stack     at EventEmitter.<anonymous> (/Users/esauter/.nvm/versions/node/v5.0.0/lib/node_modules/npm/lib/utils/lifecycle.js:239:16)
14 verbose stack     at emitTwo (events.js:87:13)
14 verbose stack     at EventEmitter.emit (events.js:172:7)
14 verbose stack     at ChildProcess.<anonymous> (/Users/esauter/.nvm/versions/node/v5.0.0/lib/node_modules/npm/lib/utils/spawn.js:24:14)
14 verbose stack     at emitTwo (events.js:87:13)
14 verbose stack     at ChildProcess.emit (events.js:172:7)
14 verbose stack     at maybeClose (internal/child_process.js:818:16)
14 verbose stack     at Process.ChildProcess._handle.onexit (internal/child_process.js:211:5)
15 verbose pkgid react-template@0.0.1
16 verbose cwd /Users/esauter/Code/react-template
17 error Darwin 14.5.0
18 error argv "/Users/esauter/.nvm/versions/node/v5.0.0/bin/node" "/Users/esauter/.nvm/versions/node/v5.0.0/bin/npm" "run" "test"
19 error node v5.0.0
20 error npm  v3.8.0
21 error code ELIFECYCLE
22 error react-template@0.0.1 test: `eslint app`
22 error Exit status 1
23 error Failed at the react-template@0.0.1 test script 'eslint app'.
23 error Make sure you have the latest version of node.js and npm installed.
23 error If you do, this is most likely a problem with the react-template package,
23 error not with npm itself.
23 error Tell the author that this fails on your system:
23 error     eslint app
23 error You can get information on how to open an issue for this project with:
23 error     npm bugs react-template
23 error Or if that isn't available, you can get their info via:
23 error     npm owner ls react-template
23 error There is likely additional logging output above.
24 verbose exit [ 1, true ]
